<?xml version="1.0" encoding="UTF-8"?>
<testsuite xmlns:xsi="http://www.w3.org/2001/XMLSchema-instance" xsi:noNamespaceSchemaLocation="https://maven.apache.org/surefire/maven-surefire-plugin/xsd/surefire-test-report.xsd" name="advantest.AppTest" time="0.015" tests="1" errors="0" skipped="0" failures="0">
  <properties>
    <property name="java.specification.version" value="17"/>
    <property name="sun.jnu.encoding" value="UTF-8"/>
    <property name="java.class.path" value="/home/ubuntu/javaProjects/stopwatch/target/test-classes:/home/ubuntu/javaProjects/stopwatch/target/classes:/home/ubuntu/.m2/repository/junit/junit/4.13.2/junit-4.13.2.jar:/home/ubuntu/.m2/repository/org/hamcrest/hamcrest-core/1.3/hamcrest-core-1.3.jar:/home/ubuntu/.m2/repository/org/eclipse/core/org.eclipse.core.runtime/3.7.0/org.eclipse.core.runtime-3.7.0.jar:/home/ubuntu/.m2/repository/org/eclipse/osgi/org.eclipse.osgi/3.7.1/org.eclipse.osgi-3.7.1.jar:/home/ubuntu/.m2/repository/org/eclipse/equinox/org.eclipse.equinox.common/3.6.0/org.eclipse.equinox.common-3.6.0.jar:/home/ubuntu/.m2/repository/org/eclipse/core/org.eclipse.core.jobs/3.5.100/org.eclipse.core.jobs-3.5.100.jar:/home/ubuntu/.m2/repository/org/eclipse/equinox/org.eclipse.equinox.registry/3.5.101/org.eclipse.equinox.registry-3.5.101.jar:/home/ubuntu/.m2/repository/org/eclipse/equinox/org.eclipse.equinox.preferences/3.4.1/org.eclipse.equinox.preferences-3.4.1.jar:/home/ubuntu/.m2/repository/org/eclipse/core/org.eclipse.core.contenttype/3.4.100/org.eclipse.core.contenttype-3.4.100.jar:/home/ubuntu/.m2/repository/org/eclipse/equinox/org.eclipse.equinox.app/1.3.100/org.eclipse.equinox.app-1.3.100.jar:/home/ubuntu/.m2/repository/org/apache/commons/commons-lang3/3.12.0/commons-lang3-3.12.0.jar:/home/ubuntu/.m2/repository/org/openjdk/jol/jol-core/0.9/jol-core-0.9.jar:"/>
    <property name="java.vm.vendor" value="Oracle Corporation"/>
    <property name="sun.arch.data.model" value="64"/>
    <property name="java.vendor.url" value="https://java.oracle.com/"/>
    <property name="os.name" value="Linux"/>
    <property name="java.vm.specification.version" value="17"/>
    <property name="sun.java.launcher" value="SUN_STANDARD"/>
    <property name="user.country" value="US"/>
    <property name="sun.boot.library.path" value="/home/ubuntu/.sdkman/candidates/java/17.0.7-oracle/lib"/>
    <property name="sun.java.command" value="/home/ubuntu/javaProjects/stopwatch/target/surefire/surefirebooter17512787354031582470.jar /home/ubuntu/javaProjects/stopwatch/target/surefire 2024-01-18T07-20-08_860-jvmRun1 surefire4481727078958943164tmp surefire_04400164717429744110tmp"/>
    <property name="jdk.debug" value="release"/>
    <property name="surefire.test.class.path" value="/home/ubuntu/javaProjects/stopwatch/target/test-classes:/home/ubuntu/javaProjects/stopwatch/target/classes:/home/ubuntu/.m2/repository/junit/junit/4.13.2/junit-4.13.2.jar:/home/ubuntu/.m2/repository/org/hamcrest/hamcrest-core/1.3/hamcrest-core-1.3.jar:/home/ubuntu/.m2/repository/org/eclipse/core/org.eclipse.core.runtime/3.7.0/org.eclipse.core.runtime-3.7.0.jar:/home/ubuntu/.m2/repository/org/eclipse/osgi/org.eclipse.osgi/3.7.1/org.eclipse.osgi-3.7.1.jar:/home/ubuntu/.m2/repository/org/eclipse/equinox/org.eclipse.equinox.common/3.6.0/org.eclipse.equinox.common-3.6.0.jar:/home/ubuntu/.m2/repository/org/eclipse/core/org.eclipse.core.jobs/3.5.100/org.eclipse.core.jobs-3.5.100.jar:/home/ubuntu/.m2/repository/org/eclipse/equinox/org.eclipse.equinox.registry/3.5.101/org.eclipse.equinox.registry-3.5.101.jar:/home/ubuntu/.m2/repository/org/eclipse/equinox/org.eclipse.equinox.preferences/3.4.1/org.eclipse.equinox.preferences-3.4.1.jar:/home/ubuntu/.m2/repository/org/eclipse/core/org.eclipse.core.contenttype/3.4.100/org.eclipse.core.contenttype-3.4.100.jar:/home/ubuntu/.m2/repository/org/eclipse/equinox/org.eclipse.equinox.app/1.3.100/org.eclipse.equinox.app-1.3.100.jar:/home/ubuntu/.m2/repository/org/apache/commons/commons-lang3/3.12.0/commons-lang3-3.12.0.jar:/home/ubuntu/.m2/repository/org/openjdk/jol/jol-core/0.9/jol-core-0.9.jar:"/>
    <property name="sun.cpu.endian" value="little"/>
    <property name="user.home" value="/home/ubuntu"/>
    <property name="user.language" value="en"/>
    <property name="java.specification.vendor" value="Oracle Corporation"/>
    <property name="java.version.date" value="2023-04-18"/>
    <property name="java.home" value="/home/ubuntu/.sdkman/candidates/java/17.0.7-oracle"/>
    <property name="file.separator" value="/"/>
    <property name="basedir" value="/home/ubuntu/javaProjects/stopwatch"/>
    <property name="java.vm.compressedOopsMode" value="Zero based"/>
    <property name="line.separator" value="&#10;"/>
    <property name="java.vm.specification.vendor" value="Oracle Corporation"/>
    <property name="java.specification.name" value="Java Platform API Specification"/>
    <property name="surefire.real.class.path" value="/home/ubuntu/javaProjects/stopwatch/target/surefire/surefirebooter17512787354031582470.jar"/>
    <property name="sun.management.compiler" value="HotSpot 64-Bit Tiered Compilers"/>
    <property name="java.runtime.version" value="17.0.7+8-LTS-224"/>
    <property name="user.name" value="ubuntu"/>
    <property name="path.separator" value=":"/>
    <property name="os.version" value="3.10.0-1160.el7.x86_64"/>
    <property name="java.runtime.name" value="Java(TM) SE Runtime Environment"/>
    <property name="file.encoding" value="UTF-8"/>
    <property name="java.vm.name" value="Java HotSpot(TM) 64-Bit Server VM"/>
    <property name="localRepository" value="/home/ubuntu/.m2/repository"/>
    <property name="java.vendor.url.bug" value="https://bugreport.java.com/bugreport/"/>
    <property name="java.io.tmpdir" value="/tmp"/>
    <property name="java.version" value="17.0.7"/>
    <property name="user.dir" value="/home/ubuntu/javaProjects/stopwatch"/>
    <property name="os.arch" value="amd64"/>
    <property name="java.vm.specification.name" value="Java Virtual Machine Specification"/>
    <property name="native.encoding" value="UTF-8"/>
    <property name="java.library.path" value="/root/Library/vcpkg/installed/x64-linux/lib/:/usr/java/packages/lib:/usr/lib64:/lib64:/lib:/usr/lib"/>
    <property name="java.vm.info" value="mixed mode, sharing"/>
    <property name="java.vendor" value="Oracle Corporation"/>
    <property name="java.vm.version" value="17.0.7+8-LTS-224"/>
    <property name="sun.io.unicode.encoding" value="UnicodeLittle"/>
    <property name="java.class.version" value="61.0"/>
  </properties>
  <testcase name="testApp" classname="advantest.AppTest" time="0.001"/>
</testsuite>